<?xml version="1.0" encoding="UTF-8"?>
<!-- Generated by org.testng.reporters.JUnitXMLReporter -->
<testsuite ignored="0" hostname="DESKTOP-I3EPC00" failures="1" tests="45" name="Default test" time="39.854" errors="0" timestamp="2024-05-13T12:40:38 IST">
  <testcase classname="com.reqers.testcases.DELETE_DeleteUser_TestCase" name="checkResponseBody" time="0.027"/>
  <testcase classname="com.reqers.testcases.DELETE_DeleteUser_TestCase" name="checkStatusCode" time="0.021"/>
  <testcase classname="com.reqers.testcases.DELETE_DeleteUser_TestCase" name="checkStatusLine" time="0.008"/>
  <testcase classname="com.reqers.testcases.POST_Registration_TestCase" name="checkResponseBody" time="0.01"/>
  <testcase classname="com.reqers.testcases.POST_Registration_TestCase" name="checkStatusCode" time="0.008"/>
  <testcase classname="com.reqers.testcases.POST_Registration_TestCase" name="checkStatusLine" time="0.004"/>
  <testcase classname="com.reqers.testcases.PUT_UpdateUser_TestCase" name="checkResponseBody" time="0.003"/>
  <testcase classname="com.reqers.testcases.PUT_UpdateUser_TestCase" name="checkStatusCode" time="0.006"/>
  <testcase classname="com.reqers.testcases.PUT_UpdateUser_TestCase" name="checkStatusLine" time="0.004"/>
  <testcase classname="com.reqers.testcases.GET_SingleUser_TestCase" name="checkContentType" time="0.002"/>
  <testcase classname="com.reqers.testcases.GET_SingleUser_TestCase" name="checkResponseBody" time="0.001"/>
  <testcase classname="com.reqers.testcases.GET_SingleUser_TestCase" name="checkResponseTime" time="0.005"/>
  <testcase classname="com.reqers.testcases.GET_SingleUser_TestCase" name="checkServerType" time="0.003"/>
  <testcase classname="com.reqers.testcases.GET_SingleUser_TestCase" name="checkStatusCode" time="0.004"/>
  <testcase classname="com.reqers.testcases.GET_SingleUser_TestCase" name="checkStatusLine" time="0.001"/>
  <testcase classname="com.reqers.testcases.POST_Login_TestCase" name="checkResponseBody" time="0.003"/>
  <testcase classname="com.reqers.testcases.POST_Login_TestCase" name="checkStatusCode" time="0.004"/>
  <testcase classname="com.reqers.testcases.POST_Login_TestCase" name="checkStatusLine" time="0.004"/>
  <testcase classname="com.reqers.testcases.GetUserListTest" name="checkContentType" time="0.002"/>
  <testcase classname="com.reqers.testcases.GetUserListTest" name="checkResponseBody" time="0.004"/>
  <testcase classname="com.reqers.testcases.GetUserListTest" name="checkResponseTime" time="0.038">
    <failure type="java.lang.AssertionError" message="expected [true] but found [false]">
      <![CDATA[java.lang.AssertionError: expected [true] but found [false]
at org.testng.Assert.fail(Assert.java:111)
at org.testng.Assert.failNotEquals(Assert.java:1578)
at org.testng.Assert.assertTrue(Assert.java:57)
at org.testng.Assert.assertTrue(Assert.java:67)
at com.reqers.testcases.GetUserListTest.checkResponseTime(GetUserListTest.java:60)
at java.base/jdk.internal.reflect.DirectMethodHandleAccessor.invoke(DirectMethodHandleAccessor.java:103)
at java.base/java.lang.reflect.Method.invoke(Method.java:580)
at org.testng.internal.invokers.MethodInvocationHelper.invokeMethod(MethodInvocationHelper.java:141)
at org.testng.internal.invokers.TestInvoker.invokeMethod(TestInvoker.java:686)
at org.testng.internal.invokers.TestInvoker.invokeTestMethod(TestInvoker.java:230)
at org.testng.internal.invokers.MethodRunner.runInSequence(MethodRunner.java:63)
at org.testng.internal.invokers.TestInvoker$MethodInvocationAgent.invoke(TestInvoker.java:992)
at org.testng.internal.invokers.TestInvoker.invokeTestMethods(TestInvoker.java:203)
at org.testng.internal.invokers.TestMethodWorker.invokeTestMethods(TestMethodWorker.java:154)
at org.testng.internal.invokers.TestMethodWorker.run(TestMethodWorker.java:134)
at java.base/java.util.ArrayList.forEach(ArrayList.java:1596)
at org.testng.TestRunner.privateRun(TestRunner.java:739)
at org.testng.TestRunner.run(TestRunner.java:614)
at org.testng.SuiteRunner.runTest(SuiteRunner.java:421)
at org.testng.SuiteRunner.runSequentially(SuiteRunner.java:413)
at org.testng.SuiteRunner.privateRun(SuiteRunner.java:373)
at org.testng.SuiteRunner.run(SuiteRunner.java:312)
at org.testng.SuiteRunnerWorker.runSuite(SuiteRunnerWorker.java:52)
at org.testng.SuiteRunnerWorker.run(SuiteRunnerWorker.java:95)
at org.testng.TestNG.runSuitesSequentially(TestNG.java:1274)
at org.testng.TestNG.runSuitesLocally(TestNG.java:1208)
at org.testng.TestNG.runSuites(TestNG.java:1112)
at org.testng.TestNG.run(TestNG.java:1079)
at org.testng.remote.AbstractRemoteTestNG.run(AbstractRemoteTestNG.java:115)
at org.testng.remote.RemoteTestNG.initAndRun(RemoteTestNG.java:293)
at org.testng.remote.RemoteTestNG.main(RemoteTestNG.java:91)
]]>
    </failure>
  </testcase> <!-- checkResponseTime -->
  <testcase classname="com.reqers.testcases.GetUserListTest" name="checkServerType" time="0.003"/>
  <testcase classname="com.reqers.testcases.GetUserListTest" name="checkStatusCode" time="0.001"/>
  <testcase classname="com.reqers.testcases.GetUserListTest" name="checkStatusLine" time="0.001"/>
  <testcase classname="com.reqers.testcases.GET_SingleResource_TestCase" name="checkContentType" time="0.003"/>
  <testcase classname="com.reqers.testcases.GET_SingleResource_TestCase" name="checkResponseBody" time="0.002"/>
  <testcase classname="com.reqers.testcases.GET_SingleResource_TestCase" name="checkResponseTime" time="0.003"/>
  <testcase classname="com.reqers.testcases.GET_SingleResource_TestCase" name="checkServerType" time="0.006"/>
  <testcase classname="com.reqers.testcases.GET_SingleResource_TestCase" name="checkStatusCode" time="0.006"/>
  <testcase classname="com.reqers.testcases.GET_SingleResource_TestCase" name="checkStatusLine" time="0.003"/>
  <testcase classname="com.reqers.testcases.POST_CreateUser_TestCase" name="checkResponseBody" time="0.002"/>
  <testcase classname="com.reqers.testcases.POST_CreateUser_TestCase" name="checkStatusCode" time="0.003"/>
  <testcase classname="com.reqers.testcases.POST_CreateUser_TestCase" name="checkStatusLine" time="0.002"/>
  <testcase classname="com.reqers.testcases.GET_SingleUserNotFounf_TestCase" name="checkContentType" time="0.002"/>
  <testcase classname="com.reqers.testcases.GET_SingleUserNotFounf_TestCase" name="checkResponseBody" time="0.004"/>
  <testcase classname="com.reqers.testcases.GET_SingleUserNotFounf_TestCase" name="checkResponseTime" time="0.003"/>
  <testcase classname="com.reqers.testcases.GET_SingleUserNotFounf_TestCase" name="checkServerType" time="0.006"/>
  <testcase classname="com.reqers.testcases.GET_SingleUserNotFounf_TestCase" name="checkStatusCode" time="0.001"/>
  <testcase classname="com.reqers.testcases.GET_SingleUserNotFounf_TestCase" name="checkStatusLine" time="0.004"/>
  <testcase classname="com.reqers.testcases.PATCH_UpdateUser_TestCase" name="checkResponseBody" time="0.004"/>
  <testcase classname="com.reqers.testcases.PATCH_UpdateUser_TestCase" name="checkStatusCode" time="0.007"/>
  <testcase classname="com.reqers.testcases.PATCH_UpdateUser_TestCase" name="checkStatusLine" time="0.004"/>
  <testcase classname="com.reqers.testcases.POST_LoginFail_TestCase" name="checkResponseBody" time="0.004"/>
  <testcase classname="com.reqers.testcases.POST_LoginFail_TestCase" name="checkStatusCode" time="0.007"/>
  <testcase classname="com.reqers.testcases.POST_LoginFail_TestCase" name="checkStatusLine" time="0.003"/>
</testsuite> <!-- Default test -->
